<?xml version="1.0" encoding="UTF-8"?>
<testsuite name="kr.sparta.MenuTest" tests="1" skipped="0" failures="0" errors="0" timestamp="2023-10-18T02:35:10" hostname="gwonjunhyeog-ui-MacBookPro.local" time="0.014">
  <properties/>
  <testcase name="createTest()" classname="kr.sparta.MenuTest" time="0.014"/>
  <system-out><![CDATA[]]></system-out>
  <system-err><![CDATA[]]></system-err>
</testsuite>
